<?xml version="1.0" encoding="UTF-8"?>
<!-- Generated by org.testng.reporters.JUnitXMLReporter -->
<testsuite hostname="DESKTOP-IP3VS9D" ignored="0" name="Default test" tests="7" failures="0" timestamp="08 Jan 2023 08:39:01 GMT" time="22.377" errors="0">
  <testcase name="login" time="12.525" classname="org.pages.LoginClass"/>
  <testcase name="getStateList" time="1.274" classname="org.pages.LoginClass"/>
  <testcase name="getCityList" time="2.056" classname="org.pages.LoginClass"/>
  <testcase name="addUserAddress" time="1.561" classname="org.pages.LoginClass"/>
  <testcase name="updateUserAddress" time="1.55" classname="org.pages.LoginClass"/>
  <testcase name="getUserAddress" time="1.714" classname="org.pages.LoginClass"/>
  <testcase name="deleteUserAddress" time="1.369" classname="org.pages.LoginClass"/>
</testsuite> <!-- Default test -->
