<?xml version="1.0" encoding="UTF-8"?>
<testng-results skipped="0" failed="0" ignored="0" total="7" passed="7">
  <reporter-output>
  </reporter-output>
  <suite name="Default suite" duration-ms="22377" started-at="2023-01-08T08:38:38Z" finished-at="2023-01-08T08:39:01Z">
    <groups>
    </groups>
    <test name="Default test" duration-ms="22377" started-at="2023-01-08T08:38:38Z" finished-at="2023-01-08T08:39:01Z">
      <class name="org.pages.LoginClass">
        <test-method status="PASS" signature="login()[pri:1, instance:org.pages.LoginClass@3b084709]" name="login" duration-ms="12525" started-at="2023-01-08T08:38:38Z" finished-at="2023-01-08T08:38:51Z">
          <reporter-output>
          </reporter-output>
        </test-method> <!-- login -->
        <test-method status="PASS" signature="getStateList()[pri:2, instance:org.pages.LoginClass@3b084709]" name="getStateList" duration-ms="1274" started-at="2023-01-08T08:38:51Z" finished-at="2023-01-08T08:38:52Z">
          <reporter-output>
          </reporter-output>
        </test-method> <!-- getStateList -->
        <test-method status="PASS" signature="getCityList()[pri:3, instance:org.pages.LoginClass@3b084709]" name="getCityList" duration-ms="2056" started-at="2023-01-08T08:38:52Z" finished-at="2023-01-08T08:38:54Z">
          <reporter-output>
          </reporter-output>
        </test-method> <!-- getCityList -->
        <test-method status="PASS" signature="addUserAddress()[pri:4, instance:org.pages.LoginClass@3b084709]" name="addUserAddress" duration-ms="1561" started-at="2023-01-08T08:38:54Z" finished-at="2023-01-08T08:38:56Z">
          <reporter-output>
          </reporter-output>
        </test-method> <!-- addUserAddress -->
        <test-method status="PASS" signature="updateUserAddress()[pri:5, instance:org.pages.LoginClass@3b084709]" name="updateUserAddress" duration-ms="1550" started-at="2023-01-08T08:38:56Z" finished-at="2023-01-08T08:38:58Z">
          <reporter-output>
          </reporter-output>
        </test-method> <!-- updateUserAddress -->
        <test-method status="PASS" signature="getUserAddress()[pri:6, instance:org.pages.LoginClass@3b084709]" name="getUserAddress" duration-ms="1714" started-at="2023-01-08T08:38:58Z" finished-at="2023-01-08T08:38:59Z">
          <reporter-output>
          </reporter-output>
        </test-method> <!-- getUserAddress -->
        <test-method status="PASS" signature="deleteUserAddress()[pri:7, instance:org.pages.LoginClass@3b084709]" name="deleteUserAddress" duration-ms="1369" started-at="2023-01-08T08:38:59Z" finished-at="2023-01-08T08:39:01Z">
          <reporter-output>
          </reporter-output>
        </test-method> <!-- deleteUserAddress -->
      </class> <!-- org.pages.LoginClass -->
    </test> <!-- Default test -->
  </suite> <!-- Default suite -->
</testng-results>
